٥‏/٤‏/٢٠٢٤, ٢:٣٠:٠١ ص | INFO |Return All Doctors|date {"Action":"/getAllDoctors","Status":200} |
٥‏/٤‏/٢٠٢٤, ٢:٣٠:٤٩ ص | INFO |Return All Doctors|date {"Action":"/doctor/660f448d97b4063fdedc34ec","Status":200} |
١٢‏/٤‏/٢٠٢٤, ١:٢٧:١٠ ص | INFO |Return All Doctors|date {"Action":"/getAllDoctors","Status":200} |
١٢‏/٤‏/٢٠٢٤, ١:٢٧:٢٥ ص | INFO |Return All Doctors|date {"Action":"/doctor/66186fc1dd5ba4a8c6437e5b","Status":200} |
١٢‏/٤‏/٢٠٢٤, ٢:٠٩:١١ ص | INFO |Return All Doctors|date {"Action":"/getAllDoctors","Status":200} |
١٢‏/٤‏/٢٠٢٤, ٢:٠٩:٣٣ ص | INFO |Return All Doctors|date {"Action":"/doctor/661879ab35bdff00f9362d67","Status":200} |
١٢‏/٤‏/٢٠٢٤, ٢:٢٥:٠٧ ص | INFO |Return All Doctors|date {"Action":"/getAllDoctors","Status":200} |
١٢‏/٤‏/٢٠٢٤, ٢:٢٦:٢٦ ص | INFO |Return All Doctors|date {"Action":"/getAllDoctors","Status":200} |
١٢‏/٤‏/٢٠٢٤, ٢:٢٩:١٠ ص | INFO |Return All Doctors|date {"Action":"/getAllDoctors","Status":200} |
١٢‏/٤‏/٢٠٢٤, ٢:٢٩:٤٤ ص | INFO |Return All Doctors|date {"Action":"/getAllDoctors","Status":200} |
١٢‏/٤‏/٢٠٢٤, ٢:٣٠:٢٥ ص | INFO |Return All Doctors|date {"Action":"/getAllDoctors","Status":200} |
١٢‏/٤‏/٢٠٢٤, ٢:٣١:٤٩ ص | INFO |Return All Doctors|date {"Action":"/getAllDoctors","Status":200} |
١٣‏/٤‏/٢٠٢٤, ١١:٣٥:٣٧ م | INFO |Return All Doctors|date {"Action":"/getAllDoctors","Status":200} |
١٣‏/٤‏/٢٠٢٤, ١١:٣٦:٢٣ م | INFO |Return All Doctors|date {"Action":"/doctor/661af81a81bc54d7f9acd8be","Status":200} |
١٣‏/٤‏/٢٠٢٤, ١١:٣٩:٠٩ م | INFO |Return All Doctors|date {"Action":"/getAllDoctors","Status":200} |
١٣‏/٤‏/٢٠٢٤, ١١:٤٠:٠٧ م | INFO |Return All Doctors|date {"Action":"/doctor/661af81a81bc54d7f9acd8be","Status":200} |
١٥‏/٤‏/٢٠٢٤, ٩:١٩:٤٠ م | INFO |Return All Doctors|date {"Action":"/getAllDoctors","Status":200} |
١٥‏/٤‏/٢٠٢٤, ٩:١٩:٤٠ م | INFO |Return All Doctors|date {"Action":"/getAllDoctors","Status":200} |
١٥‏/٤‏/٢٠٢٤, ١١:٠٦:٠٧ م | INFO |Return All Doctors|date {"Action":"/getAllDoctors","Status":200} |
١٥‏/٤‏/٢٠٢٤, ١١:٠٦:٠٩ م | INFO |Return All Doctors|date {"Action":"/getAllDoctors","Status":200} |
١٥‏/٤‏/٢٠٢٤, ١١:٠٦:١٠ م | INFO |Return All Doctors|date {"Action":"/doctor/661d7d40bf822a1a3fc03809","Status":200} |
١٥‏/٤‏/٢٠٢٤, ١١:٠٦:١٠ م | INFO |Return All Doctors|date {"Action":"/doctor/661d7d40bf822a1a3fc03809","Status":200} |
١٥‏/٤‏/٢٠٢٤, ١١:٠٦:١٠ م | INFO |Return All Doctors|date {"Action":"/doctor/661d7d40bf822a1a3fc03809","Status":200} |
١٥‏/٤‏/٢٠٢٤, ١١:١٠:١٩ م | INFO |Return All Doctors|date {"Action":"/getAllDoctors","Status":200} |
١٥‏/٤‏/٢٠٢٤, ١١:١٠:١٩ م | INFO |Return All Doctors|date {"Action":"/getAllDoctors","Status":200} |
١٥‏/٤‏/٢٠٢٤, ١١:١٠:١٩ م | INFO |Return All Doctors|date {"Action":"/doctor/661d7d40bf822a1a3fc03809","Status":200} |
١٥‏/٤‏/٢٠٢٤, ١١:١٠:١٩ م | INFO |Return All Doctors|date {"Action":"/doctor/661d7d40bf822a1a3fc03809","Status":200} |
١٥‏/٤‏/٢٠٢٤, ١١:١٠:١٩ م | INFO |Return All Doctors|date {"Action":"/doctor/661d7d40bf822a1a3fc03809","Status":200} |
١٥‏/٤‏/٢٠٢٤, ١١:١١:٥٢ م | INFO |Return All Doctors|date {"Action":"/getAllDoctors","Status":200} |
١٥‏/٤‏/٢٠٢٤, ١١:١١:٥٢ م | INFO |Return All Doctors|date {"Action":"/getAllDoctors","Status":200} |
١٥‏/٤‏/٢٠٢٤, ١١:١٧:٤٨ م | INFO |Return All Doctors|date {"Action":"/getAllDoctors","Status":200} |
١٥‏/٤‏/٢٠٢٤, ١١:١٧:٤٨ م | INFO |Return All Doctors|date {"Action":"/getAllDoctors","Status":200} |
١٥‏/٤‏/٢٠٢٤, ١١:١٧:٤٨ م | INFO |Return All Doctors|date {"Action":"/doctor/661d9818f6f10c52a10e53a4","Status":200} |
١٥‏/٤‏/٢٠٢٤, ١١:١٧:٤٨ م | INFO |Return All Doctors|date {"Action":"/doctor/661d9818f6f10c52a10e53a4","Status":200} |
١٥‏/٤‏/٢٠٢٤, ١١:١٧:٤٨ م | INFO |Return All Doctors|date {"Action":"/doctor/661d9818f6f10c52a10e53a4","Status":200} |
١٥‏/٤‏/٢٠٢٤, ١١:٢٠:٤٦ م | INFO |Return All Doctors|date {"Action":"/getAllDoctors","Status":200} |
١٥‏/٤‏/٢٠٢٤, ١١:٢٠:٤٧ م | INFO |Return All Doctors|date {"Action":"/getAllDoctors","Status":200} |
١٥‏/٤‏/٢٠٢٤, ١١:٢١:٤٣ م | INFO |Return All Doctors|date {"Action":"/getAllDoctors","Status":200} |
١٥‏/٤‏/٢٠٢٤, ١١:٢١:٤٣ م | INFO |Return All Doctors|date {"Action":"/getAllDoctors","Status":200} |
١٥‏/٤‏/٢٠٢٤, ١١:٢٢:١٤ م | INFO |Return All Doctors|date {"Action":"/getAllDoctors","Status":200} |
١٥‏/٤‏/٢٠٢٤, ١١:٢٥:٢٤ م | INFO |Return All Doctors|date {"Action":"/getAllDoctors","Status":200} |
١٥‏/٤‏/٢٠٢٤, ١١:٢٥:٢٤ م | INFO |Return All Doctors|date {"Action":"/getAllDoctors","Status":200} |
١٥‏/٤‏/٢٠٢٤, ١١:٢٧:٤٨ م | INFO |Return All Doctors|date {"Action":"/getAllDoctors","Status":200} |
١٥‏/٤‏/٢٠٢٤, ١١:٢٧:٤٨ م | INFO |Return All Doctors|date {"Action":"/getAllDoctors","Status":200} |
١٥‏/٤‏/٢٠٢٤, ١١:٣٢:٥١ م | INFO |Return All Doctors|date {"Action":"/doctor/661d9cd29a52fe9ff945d648","Status":200} |
١٥‏/٤‏/٢٠٢٤, ١١:٣٢:٥١ م | INFO |Return All Doctors|date {"Action":"/doctor/661d9cd29a52fe9ff945d648","Status":200} |
١٥‏/٤‏/٢٠٢٤, ١١:٣٢:٥١ م | INFO |Return All Doctors|date {"Action":"/doctor/661d9cd29a52fe9ff945d648","Status":200} |
١٥‏/٤‏/٢٠٢٤, ١١:٣٣:٢٢ م | INFO |Return All Doctors|date {"Action":"/doctor/661d9cd29a52fe9ff945d648","Status":200} |
١٥‏/٤‏/٢٠٢٤, ١١:٣٣:٢٢ م | INFO |Return All Doctors|date {"Action":"/doctor/661d9cd29a52fe9ff945d648","Status":200} |
١٥‏/٤‏/٢٠٢٤, ١١:٣٣:٢٢ م | INFO |Return All Doctors|date {"Action":"/doctor/661d9cd29a52fe9ff945d648","Status":200} |
١٥‏/٤‏/٢٠٢٤, ١١:٣٤:١٨ م | INFO |Return All Doctors|date {"Action":"/doctor/661d9cd29a52fe9ff945d648","Status":200} |
١٥‏/٤‏/٢٠٢٤, ١١:٣٤:١٨ م | INFO |Return All Doctors|date {"Action":"/doctor/661d9cd29a52fe9ff945d648","Status":200} |
١٥‏/٤‏/٢٠٢٤, ١١:٤٦:٥٣ م | INFO |Return All Doctors|date {"Action":"/doctor/661d9fc8cd1278e0452f0ad6","Status":200} |
١٦‏/٤‏/٢٠٢٤, ١٢:٥١:٥٦ ص | INFO |Return All Doctors|date {"Action":"/getAllDoctors","Status":200} |
١٦‏/٤‏/٢٠٢٤, ١٢:٥١:٥٦ ص | INFO |Return All Doctors|date {"Action":"/getAllDoctors","Status":200} |
١٦‏/٤‏/٢٠٢٤, ١٢:٥٣:١٢ ص | INFO |Return All Doctors|date {"Action":"/getAllDoctors","Status":200} |
١٦‏/٤‏/٢٠٢٤, ١٢:٥٣:١٢ ص | INFO |Return All Doctors|date {"Action":"/getAllDoctors","Status":200} |
١٦‏/٤‏/٢٠٢٤, ١:٠٢:٤٢ ص | INFO |Return All Doctors|date {"Action":"/getAllDoctors","Status":200} |
١٦‏/٤‏/٢٠٢٤, ١:٠٢:٤٢ ص | INFO |Return All Doctors|date {"Action":"/getAllDoctors","Status":200} |
١٦‏/٤‏/٢٠٢٤, ١:٠٧:٤١ ص | INFO |Return All Doctors|date {"Action":"/getAllDoctors","Status":200} |
١٦‏/٤‏/٢٠٢٤, ١:٠٧:٤١ ص | INFO |Return All Doctors|date {"Action":"/getAllDoctors","Status":200} |
