٥‏/٤‏/٢٠٢٤, ٢:٠٦:١٨ ص | INFO |Return All Departments|date {"Action":"/getAllDepartments","Status":200} |
٥‏/٤‏/٢٠٢٤, ٢:١٠:٠٤ ص | INFO |Return All Departments|date {"Action":"/getAllDepartments","Status":200} |
٥‏/٤‏/٢٠٢٤, ٢:١٠:١٩ ص | INFO |Return All Departments|date {"Action":"/getAllDepartments","Status":200} |
٥‏/٤‏/٢٠٢٤, ٢:١٠:٥٠ ص | INFO |Return All Departments|date {"Action":"/department/660f3d5feedf2423ebc2932b","Status":200} |
١١‏/٤‏/٢٠٢٤, ١١:٢٦:٥٦ م | INFO |Return All Departments|date {"Action":"/getAllDepartments","Status":200} |
١١‏/٤‏/٢٠٢٤, ١١:٢٧:٥٣ م | INFO |Return All Departments|date {"Action":"/getAllDepartments","Status":200} |
١١‏/٤‏/٢٠٢٤, ١١:٢٨:٤٤ م | INFO |Return All Departments|date {"Action":"/getAllDepartments","Status":200} |
١١‏/٤‏/٢٠٢٤, ١١:٢٩:٣٩ م | INFO |Return All Departments|date {"Action":"/getAllDepartments","Status":200} |
١١‏/٤‏/٢٠٢٤, ١١:٣٠:٤٤ م | INFO |Return All Departments|date {"Action":"/department/6618515ebb605f9ba39ba1f4","Status":200} |
١٢‏/٤‏/٢٠٢٤, ٢:٢٨:٥٦ ص | INFO |Return All Departments|date {"Action":"/getAllDepartments","Status":200} |
١٣‏/٤‏/٢٠٢٤, ١١:٣٠:٣٢ م | INFO |Return All Departments|date {"Action":"/getAllDepartments","Status":200} |
١٣‏/٤‏/٢٠٢٤, ١١:٣١:٢١ م | INFO |Return All Departments|date {"Action":"/department/661ac9611f8c8f5f695d4e56","Status":200} |
١٤‏/٤‏/٢٠٢٤, ٨:٥٣:٠٠ م | INFO |Return All Departments|date {"Action":"/getAllDepartments","Status":200} |
١٥‏/٤‏/٢٠٢٤, ٨:٥٩:٣١ م | INFO |Return All Departments|date {"Action":"/getAllDepartments","Status":200} |
١٥‏/٤‏/٢٠٢٤, ٨:٥٩:٣٢ م | INFO |Return All Departments|date {"Action":"/getAllDepartments","Status":200} |
١٥‏/٤‏/٢٠٢٤, ٩:٠١:٤٥ م | INFO |Return All Departments|date {"Action":"/getAllDepartments","Status":200} |
١٥‏/٤‏/٢٠٢٤, ٩:٠١:٤٥ م | INFO |Return All Departments|date {"Action":"/getAllDepartments","Status":200} |
١٥‏/٤‏/٢٠٢٤, ٩:٠٤:٤٩ م | INFO |Return All Departments|date {"Action":"/getAllDepartments","Status":200} |
١٥‏/٤‏/٢٠٢٤, ٩:٠٤:٤٩ م | INFO |Return All Departments|date {"Action":"/getAllDepartments","Status":200} |
١٥‏/٤‏/٢٠٢٤, ٩:٠٤:٤٩ م | INFO |Return All Departments|date {"Action":"/department/661d799944a502bdf57a802e","Status":200} |
١٥‏/٤‏/٢٠٢٤, ٩:٠٤:٤٩ م | INFO |Return All Departments|date {"Action":"/department/661d799944a502bdf57a802e","Status":200} |
١٥‏/٤‏/٢٠٢٤, ٩:٠٤:٤٩ م | INFO |Return All Departments|date {"Action":"/department/661d799944a502bdf57a802e","Status":200} |
١٥‏/٤‏/٢٠٢٤, ٩:٠٨:٢٦ م | INFO |Return All Departments|date {"Action":"/getAllDepartments","Status":200} |
١٥‏/٤‏/٢٠٢٤, ٩:٠٨:٢٦ م | INFO |Return All Departments|date {"Action":"/getAllDepartments","Status":200} |
١٥‏/٤‏/٢٠٢٤, ٩:١٢:٤١ م | INFO |Return All Departments|date {"Action":"/getAllDepartments","Status":200} |
١٥‏/٤‏/٢٠٢٤, ٩:١٢:٤١ م | INFO |Return All Departments|date {"Action":"/getAllDepartments","Status":200} |
١٦‏/٤‏/٢٠٢٤, ٩:١٣:٥٣ م | INFO |Return All Departments|date {"Action":"/getAllDepartments","Status":200} |
١٦‏/٤‏/٢٠٢٤, ٩:١٣:٥٣ م | INFO |Return All Departments|date {"Action":"/getAllDepartments","Status":200} |
١٦‏/٤‏/٢٠٢٤, ٩:١٩:١١ م | INFO |Return All Departments|date {"Action":"/department/661ece87dfdcd2be93768c5b","Status":200} |
