١٢‏/٤‏/٢٠٢٤, ١٢:٠٧:٢٠ ص | INFO |Return All Appointments|date {"Action":"/appointment/66185e29c1b0535c37bf9ff8","Status":200} |
١٢‏/٤‏/٢٠٢٤, ١٢:٠٧:٣١ ص | INFO |Return All Appointments|date {"Action":"/getAllAppointments","Status":200} |
١٤‏/٤‏/٢٠٢٤, ٩:٠٥:٠٥ م | INFO |Return All Appointments|date {"Action":"/appointment/661c28b88ddabc1e8a77dfbb","Status":200} |
١٤‏/٤‏/٢٠٢٤, ٩:٠٥:٤١ م | INFO |Return All Appointments|date {"Action":"/getAllAppointments","Status":200} |
١٤‏/٤‏/٢٠٢٤, ٩:٠٨:٥٥ م | INFO |Return All Appointments|date {"Action":"/getAllAppointments","Status":200} |
١٥‏/٤‏/٢٠٢٤, ١٢:٢٥:١٩ ص | INFO |Return All Appointments|date {"Action":"/getAllAppointments","Status":200} |
١٥‏/٤‏/٢٠٢٤, ١٢:٢٧:٢٥ ص | INFO |Return All Appointments|date {"Action":"/getAllAppointments","Status":200} |
١٥‏/٤‏/٢٠٢٤, ١٢:٣٠:٠١ ص | INFO |Return All Appointments|date {"Action":"/getAllAppointments","Status":200} |
١٥‏/٤‏/٢٠٢٤, ١٢:٣٠:٣٥ ص | INFO |Return All Appointments|date {"Action":"/getAllAppointments","Status":200} |
١٥‏/٤‏/٢٠٢٤, ١٢:٣٠:٣٨ ص | INFO |Return All Appointments|date {"Action":"/getAllAppointments","Status":200} |
١٥‏/٤‏/٢٠٢٤, ١٢:٣١:١١ ص | INFO |Return All Appointments|date {"Action":"/getAllAppointments","Status":200} |
١٥‏/٤‏/٢٠٢٤, ١٢:٣١:١١ ص | ERROR |Invalid status code: { code: 200, success: true, appointments: [Array] }|
١٥‏/٤‏/٢٠٢٤, ١٢:٣١:١٦ ص | INFO |Return All Appointments|date {"Action":"/getAllAppointments","Status":200} |
١٥‏/٤‏/٢٠٢٤, ١٢:٣١:١٦ ص | ERROR |Invalid status code: { code: 200, success: true, appointments: [Array] }|
١٥‏/٤‏/٢٠٢٤, ١٢:٣٢:٢٣ ص | INFO |Return All Appointments|date {"Action":"/getAllAppointments","Status":200} |
١٥‏/٤‏/٢٠٢٤, ١٢:٣٤:٣٩ ص | INFO |Return All Appointments|date {"Action":"/getAllAppointments","Status":200} |
١٥‏/٤‏/٢٠٢٤, ١٢:٣٤:٣٩ ص | INFO |Return All Appointments|date {"Action":"/getAllAppointments","Status":200} |
١٥‏/٤‏/٢٠٢٤, ١٢:٣٨:٣٩ ص | INFO |Return All Appointments|date {"Action":"/getAllAppointments","Status":200} |
١٥‏/٤‏/٢٠٢٤, ١٢:٣٨:٤٠ ص | INFO |Return All Appointments|date {"Action":"/getAllAppointments","Status":200} |
١٥‏/٤‏/٢٠٢٤, ١٢:٤٢:٢٧ ص | INFO |Return All Appointments|date {"Action":"/getAllAppointments","Status":200} |
١٥‏/٤‏/٢٠٢٤, ١٢:٤٢:٢٧ ص | INFO |Return All Appointments|date {"Action":"/getAllAppointments","Status":200} |
١٥‏/٤‏/٢٠٢٤, ٨:١١:٥٩ م | INFO |Return All Appointments|date {"Action":"/getAllAppointments","Status":200} |
١٥‏/٤‏/٢٠٢٤, ٨:١٢:٠٠ م | INFO |Return All Appointments|date {"Action":"/getAllAppointments","Status":200} |
١٥‏/٤‏/٢٠٢٤, ٨:١٢:٠٠ م | INFO |Return All Appointments|date {"Action":"/appointment/661c5bd3fa3eb610a65a0039","Status":200} |
١٥‏/٤‏/٢٠٢٤, ٨:١٨:٠٣ م | INFO |Return All Appointments|date {"Action":"/getAllAppointments","Status":200} |
١٥‏/٤‏/٢٠٢٤, ٨:١٨:٠٣ م | INFO |Return All Appointments|date {"Action":"/getAllAppointments","Status":200} |
١٥‏/٤‏/٢٠٢٤, ٨:٢١:٤٧ م | INFO |Return All Appointments|date {"Action":"/getAllAppointments","Status":200} |
١٥‏/٤‏/٢٠٢٤, ٨:٢١:٤٧ م | INFO |Return All Appointments|date {"Action":"/getAllAppointments","Status":200} |
١٥‏/٤‏/٢٠٢٤, ٨:٢١:٤٧ م | INFO |Return All Appointments|date {"Action":"/appointment/661d6f5b3cbb84ca3dd8054b","Status":200} |
١٥‏/٤‏/٢٠٢٤, ٨:٢١:٤٧ م | INFO |Return All Appointments|date {"Action":"/appointment/661d6f5b3cbb84ca3dd8054b","Status":200} |
١٥‏/٤‏/٢٠٢٤, ٨:٢١:٤٧ م | INFO |Return All Appointments|date {"Action":"/appointment/661d6f5b3cbb84ca3dd8054b","Status":200} |
١٥‏/٤‏/٢٠٢٤, ٨:٢٧:٣٠ م | INFO |Return All Appointments|date {"Action":"/getAllAppointments","Status":200} |
١٥‏/٤‏/٢٠٢٤, ٨:٢٧:٣٠ م | INFO |Return All Appointments|date {"Action":"/getAllAppointments","Status":200} |
١٥‏/٤‏/٢٠٢٤, ٨:٢٩:٥٧ م | INFO |Return All Appointments|date {"Action":"/getAllAppointments","Status":200} |
١٥‏/٤‏/٢٠٢٤, ٨:٢٩:٥٨ م | INFO |Return All Appointments|date {"Action":"/getAllAppointments","Status":200} |
١٥‏/٤‏/٢٠٢٤, ٨:٣٢:٠٤ م | INFO |Return All Appointments|date {"Action":"/getAllAppointments","Status":200} |
١٥‏/٤‏/٢٠٢٤, ٨:٣٢:٠٤ م | INFO |Return All Appointments|date {"Action":"/getAllAppointments","Status":200} |
١٥‏/٤‏/٢٠٢٤, ٨:٣٨:٠٣ م | INFO |Return All Appointments|date {"Action":"/getAllAppointments","Status":200} |
١٥‏/٤‏/٢٠٢٤, ٨:٣٨:٠٣ م | INFO |Return All Appointments|date {"Action":"/getAllAppointments","Status":200} |
١٥‏/٤‏/٢٠٢٤, ٨:٣٩:٢٥ م | INFO |Return All Appointments|date {"Action":"/getAllAppointments","Status":200} |
١٥‏/٤‏/٢٠٢٤, ٨:٣٩:٢٥ م | INFO |Return All Appointments|date {"Action":"/getAllAppointments","Status":200} |
١٥‏/٤‏/٢٠٢٤, ٨:٤٠:٣٤ م | INFO |Return All Appointments|date {"Action":"/getAllAppointments","Status":200} |
١٥‏/٤‏/٢٠٢٤, ٨:٤٠:٣٤ م | INFO |Return All Appointments|date {"Action":"/getAllAppointments","Status":200} |
١٥‏/٤‏/٢٠٢٤, ٨:٤١:٢٩ م | INFO |Return All Appointments|date {"Action":"/getAllAppointments","Status":200} |
١٥‏/٤‏/٢٠٢٤, ٨:٤١:٣٠ م | INFO |Return All Appointments|date {"Action":"/getAllAppointments","Status":200} |
١٥‏/٤‏/٢٠٢٤, ٨:٤٣:٣٠ م | INFO |Return All Appointments|date {"Action":"/getAllAppointments","Status":200} |
١٥‏/٤‏/٢٠٢٤, ٨:٤٣:٣٠ م | INFO |Return All Appointments|date {"Action":"/getAllAppointments","Status":200} |
١٥‏/٤‏/٢٠٢٤, ٨:٤٨:٠٣ م | INFO |Return All Appointments|date {"Action":"/getAllAppointments","Status":200} |
١٥‏/٤‏/٢٠٢٤, ٨:٤٨:٠٣ م | INFO |Return All Appointments|date {"Action":"/getAllAppointments","Status":200} |
١٥‏/٤‏/٢٠٢٤, ٨:٥٤:٣٠ م | INFO |Return All Appointments|date {"Action":"/getAllAppointments","Status":200} |
١٥‏/٤‏/٢٠٢٤, ٨:٥٤:٣٠ م | INFO |Return All Appointments|date {"Action":"/getAllAppointments","Status":200} |
١٦‏/٤‏/٢٠٢٤, ٨:٤٨:٠٥ م | INFO |Return All Appointments|date {"Action":"/getAllAppointments","Status":200} |
١٦‏/٤‏/٢٠٢٤, ٨:٤٨:٠٧ م | INFO |Return All Appointments|date {"Action":"/getAllAppointments","Status":200} |
١٦‏/٤‏/٢٠٢٤, ٨:٤٨:٥٣ م | INFO |Return All Appointments|date {"Action":"/getAllAppointments","Status":200} |
١٦‏/٤‏/٢٠٢٤, ٨:٤٨:٥٣ م | INFO |Return All Appointments|date {"Action":"/getAllAppointments","Status":200} |
١٦‏/٤‏/٢٠٢٤, ٨:٥٦:٤٢ م | INFO |Return All Appointments|date {"Action":"/appointment/661ec97ce90e0b9939f7cf4e","Status":200} |
